#
# There is insufficient memory for the Java Runtime Environment to continue.
# Native memory allocation (mmap) failed to map 132120576 bytes for G1 virtual space
# Possible reasons:
#   The system is out of physical RAM or swap space
#   The process is running with CompressedOops enabled, and the Java Heap may be blocking the growth of the native heap
# Possible solutions:
#   Reduce memory load on the system
#   Increase physical memory or swap space
#   Check if swap backing store is full
#   Decrease Java heap size (-Xmx/-Xms)
#   Decrease number of Java threads
#   Decrease Java thread stack sizes (-Xss)
#   Set larger code cache with -XX:ReservedCodeCacheSize=
#   JVM is running with Unscaled Compressed Oops mode in which the Java heap is
#     placed in the first 4GB address space. The Java Heap base address is the
#     maximum limit for the native heap growth. Please use -XX:HeapBaseMinAddress
#     to set the Java Heap base and to place the Java Heap above 4GB virtual address.
# This output file may be truncated or incomplete.
#
#  Out of Memory Error (os_windows.cpp:3613), pid=22776, tid=11620
#
# JRE version:  (17.0.9+8) (build )
# Java VM: OpenJDK 64-Bit Server VM (17.0.9+8-LTS, mixed mode, emulated-client, sharing, tiered, compressed oops, compressed class ptrs, g1 gc, windows-amd64)
# No core dump will be written. Minidumps are not enabled by default on client versions of Windows
#

---------------  S U M M A R Y ------------

Command Line: -XX:TieredStopAtLevel=1 -Dspring.output.ansi.enabled=always -Dcom.sun.management.jmxremote -Dspring.jmx.enabled=true -Dspring.liveBeansView.mbeanDomain -Dspring.application.admin.enabled=true -Dmanagement.endpoints.jmx.exposure.include=* -javaagent:C:\Program Files\JetBrains\IntelliJ IDEA 2023.3.2\lib\idea_rt.jar=50463:C:\Program Files\JetBrains\IntelliJ IDEA 2023.3.2\bin -Dfile.encoding=UTF-8 documentation.fr.spring_security_jwt.SpringSecurityJwtApplication

Host: 11th Gen Intel(R) Core(TM) i5-1135G7 @ 2.40GHz, 8 cores, 7G,  Windows 11 , 64 bit Build 22621 (10.0.22621.3958)
Time: Thu Sep 19 16:33:05 2024 Paris, Madrid (heure duild 22621 (10.0.22621.3958) elapsed time: 0.018687 seconds (0d 0h 0m 0s)

---------------  T H R E A D  ---------------

Current thread (0x000001765d69b950):  JavaThread "Unknown thread" [_thread_in_vm, id=11620, stack(0x00000072f5800000,0x00000072f5900000)]

Stack: [0x00000072f5800000,0x00000072f5900000]
Native frames: (J=compiled Java code, j=interpreted, Vv=VM code, C=native code)
V  [jvm.dll+0x67cb49]
V  [jvm.dll+0x8344da]
V  [jvm.dll+0x835f9e]
V  [jvm.dll+0x836603]
V  [jvm.dll+0x247b5f]
V  [jvm.dll+0x679969]
V  [jvm.dll+0x66e2ba]
V  [jvm.dll+0x307a5b]
V  [jvm.dll+0x30ef06]
V  [jvm.dll+0x35ecee]
V  [jvm.dll+0x35ef1f]
V  [jvm.dll+0x2de658]
V  [jvm.dll+0x2df5c4]
V  [jvm.dll+0x805d51]
V  [jvm.dll+0x36cb51]
V  [jvm.dll+0x7e47dc]
V  [jvm.dll+0x3f03cf]
V  [jvm.dll+0x3f2001]
C  [jli.dll+0x528f]
C  [ucrtbase.dll+0x29333]
C  [KERNEL32.DLL+0x1257d]
C  [ntdll.dll+0x5af28]


---------------  P R O C E S S  ---------------

Threads class SMR info:
_java_thread_list=0x00007ff98162ee98, length=0, elements={
}

Java Threads: ( => current thread )

Other Threads:
  0x000001765d6f6d80 GCTaskThread "GC Thread#0" [stack: 0x00000072f5900000,0x00000072f5a00000] [id=23024]
  0x000001765d707610 ConcurrentGCThread "G1 Main Marker" [stack: 0x00000072f5a00000,0x00000072f5b00000] [id=23656]
  0x000001765d708030 ConcurrentGCThread "G1 Conc#0" [stack: 0x00000072f5b00000,0x00000072f5c00000] [id=12872]

[error occurred during error reporting (printing all threads), id 0xc0000005, EXCEPTION_ACCESS_VIOLATION (0xc0000005) at pc=0x00007ff980def097]

VM state: not at safepoint (not fully initialized)

VM Mutex/Monitor currently owned by a thread:  ([mutex/lock_event])
[0x000001765d696670] Heap_lock - owner thread: 0x000001765d69b950

Heap address: 0x0000000083600000, size: 1994 MB, Compressed Oops mode: 32-bit

CDS archive(s) mapped at: [0x0000000000000000-0x0000000000000000-0x0000000000000000), size 0, SharedBaseAddress: 0x0000000800000000, ArchiveRelocationMode: 1.
Narrow klass base: 0x0000000000000000, Narrow klass shift: 0, Narrow klass range: 0x0

GC Precious Log:
<Empty>

Heap:
 garbage-first heap   total 0K, used 0K [0x0000000083600000, 0x0000000100000000)
  region size 1024K, 0 young (0K), 0 survivors (0K)

[error occurred during error reporting (printing heap information), id 0xc0000005, EXCEPTION_ACCESS_VIOLATION (0xc0000005) at pc=0x00007ff9811d68f9]

GC Heap History (0 events):
No events

Dll operation events (1 events):
Event: 0.014 Loaded shared library C:\Users\Seraphin BOPDA\.jdks\corretto-17.0.9\bin\java.dll

Deoptimization events (0 events):
No events

Classes unloaded (0 events):
No events

Classes redefined (0 events):
No events

Internal exceptions (0 events):
No events

VM Operations (0 events):
No events

Events (0 events):
No events


Dynamic libraries:
0x00007ff738c50000 - 0x00007ff738c5e000 	C:\Users\Seraphin BOPDA\.jdks\corretto-17.0.9\bin\java.exe
0x00007ffa05f90000 - 0x00007ffa061a7000 	C:\WINDOWS\SYSTEM32\ntdll.dll
0x00007ffa05440000 - 0x00007ffa05504000 	C:\WINDOWS\System32\KERNEL32.DLL
0x00007ffa033d0000 - 0x00007ffa0377d000 	C:\WINDOWS\System32\KERNELBASE.dll
0x00007ffa039c0000 - 0x00007ffa03ad1000 	C:\WINDOWS\System32\ucrtbase.dll
0x00007ff9e1710000 - 0x00007ff9e1727000 	C:\Users\Seraphin BOPDA\.jdks\corretto-17.0.9\bin\jli.dll
0x00007ffa05ab0000 - 0x00007ffa05c5e000 	C:\WINDOWS\System32\USER32.dll
0x00007ff9e8190000 - 0x00007ff9e8423000 	C:\WINDOWS\WinSxS\amd64_microsoft.windows.common-controls_6595b64144ccf1df_6.0.22621.3672_none_2713b9d173822955\COMCTL32.dll
0x00007ffa033a0000 - 0x00007ffa033c6000 	C:\WINDOWS\System32\win32u.dll
0x00007ffa042b0000 - 0x00007ffa04357000 	C:\WINDOWS\System32\msvcrt.dll
0x00007ffa05650000 - 0x00007ffa05679000 	C:\WINDOWS\System32\GDI32.dll
0x00007ffa03780000 - 0x00007ffa03899000 	C:\WINDOWS\System32\gdi32full.dll
0x00007ffa03920000 - 0x00007ffa039ba000 	C:\WINDOWS\System32\msvcp_win.dll
0x00007ff9e16f0000 - 0x00007ff9e170b000 	C:\Users\Seraphin BOPDA\.jdks\corretto-17.0.9\bin\VCRUNTIME140.dll
0x00007ffa05840000 - 0x00007ffa05871000 	C:\WINDOWS\System32\IMM32.DLL
0x00007ff9e16e0000 - 0x00007ff9e16ec000 	C:\Users\Seraphin BOPDA\.jdks\corretto-17.0.9\bin\vcruntime140_1.dll
0x00007ff9dcb70000 - 0x00007ff9dcbfd000 	C:\Users\Seraphin BOPDA\.jdks\corretto-17.0.9\bin\msvcp140.dll
0x00007ff980b00000 - 0x00007ff981761000 	C:\Users\Seraphin BOPDA\.jdks\corretto-17.0.9\bin\server\jvm.dll
0x00007ffa059f0000 - 0x00007ffa05aa2000 	C:\WINDOWS\System32\ADVAPI32.dll
0x00007ffa055a0000 - 0x00007ffa05649000 	C:\WINDOWS\System32\sechost.dll
0x00007ffa03370000 - 0x00007ffa03398000 	C:\WINDOWS\System32\bcrypt.dll
0x00007ffa03df0000 - 0x00007ffa03f04000 	C:\WINDOWS\System32\RPCRT4.dll
0x00007ffa02b90000 - 0x00007ffa02bdd000 	C:\WINDOWS\SYSTEM32\POWRPROF.dll
0x00007ff9da2e0000 - 0x00007ff9da2e9000 	C:\WINDOWS\SYSTEM32\WSOCK32.dll
0x00007ff9fec30000 - 0x00007ff9fec64000 	C:\WINDOWS\SYSTEM32\WINMM.dll
0x00007ff9fb600000 - 0x00007ff9fb60a000 	C:\WINDOWS\SYSTEM32\VERSION.dll
0x00007ffa04370000 - 0x00007ffa043e1000 	C:\WINDOWS\System32\WS2_32.dll
0x00007ffa02b60000 - 0x00007ffa02b73000 	C:\WINDOWS\SYSTEM32\UMPDC.dll
0x00007ffa02260000 - 0x00007ffa02278000 	C:\WINDOWS\SYSTEM32\kernel.appcore.dll
0x00007ff9e16d0000 - 0x00007ff9e16da000 	C:\Users\Seraphin BOPDA\.jdks\corretto-17.0.9\bin\jimage.dll
0x00007ff9fe3b0000 - 0x00007ff9fe5e2000 	C:\WINDOWS\SYSTEM32\DBGHELP.DLL
0x00007ffa03f20000 - 0x00007ffa042ae000 	C:\WINDOWS\System32\combase.dll
0x00007ffa052a0000 - 0x00007ffa05377000 	C:\WINDOWS\System32\OLEAUT32.dll
0x00007ff9e8960000 - 0x00007ff9e8992000 	C:\WINDOWS\SYSTEM32\dbgcore.DLL
0x00007ffa038a0000 - 0x00007ffa0391b000 	C:\WINDOWS\System32\bcryptPrimitives.dll
0x00007ff9e0c70000 - 0x00007ff9e0c7e000 	C:\Users\Seraphin BOPDA\.jdks\corretto-17.0.9\bin\instrument.dll
0x00007ff9e16a0000 - 0x00007ff9e16c5000 	C:\Users\Seraphin BOPDA\.jdks\corretto-17.0.9\bin\java.dll

dbghelp: loaded successfully - version: 4.0.5 - missing functions: none
symbol engine: initialized successfully - sym options: 0x614 - pdb path: .;C:\Users\Seraphin BOPDA\.jdks\corretto-17.0.9\bin;C:\WINDOWS\SYSTEM32;C:\WINDOWS\WinSxS\amd64_microsoft.windows.common-controls_6595b64144ccf1df_6.0.22621.3672_none_2713b9d173822955;C:\Users\Seraphin BOPDA\.jdks\corretto-17.0.9\bin\server

VM Arguments:
jvm_args: -XX:TieredStopAtLevel=1 -Dspring.output.ansi.enabled=always -Dcom.sun.management.jmxremote -Dspring.jmx.enabled=true -Dspring.liveBeansView.mbeanDomain -Dspring.application.admin.enabled=true -Dmanagement.endpoints.jmx.exposure.include=* -javaagent:C:\Program Files\JetBrains\IntelliJ IDEA 2023.3.2\lib\idea_rt.jar=50463:C:\Program Files\JetBrains\IntelliJ IDEA 2023.3.2\bin -Dfile.encoding=UTF-8 
java_command: documentation.fr.spring_security_jwt.SpringSecurityJwtApplication
java_class_path (initial): C:\Users\Seraphin BOPDA\Spring_Security_JWT\target\classes;C:\Users\Seraphin BOPDA\.m2\repository\org\springframework\boot\spring-boot-starter-data-jpa\3.3.3\spring-boot-starter-data-jpa-3.3.3.jar;C:\Users\Seraphin BOPDA\.m2\repository\org\springframework\boot\spring-boot-starter-aop\3.3.3\spring-boot-starter-aop-3.3.3.jar;C:\Users\Seraphin BOPDA\.m2\repository\org\aspectj\aspectjweaver\1.9.22.1\aspectjweaver-1.9.22.1.jar;C:\Users\Seraphin BOPDA\.m2\repository\org\springframework\boot\spring-boot-starter-jdbc\3.3.3\spring-boot-starter-jdbc-3.3.3.jar;C:\Users\Seraphin BOPDA\.m2\repository\com\zaxxer\HikariCP\5.1.0\HikariCP-5.1.0.jar;C:\Users\Seraphin BOPDA\.m2\repository\org\springframework\spring-jdbc\6.1.12\spring-jdbc-6.1.12.jar;C:\Users\Seraphin BOPDA\.m2\repository\org\hibernate\orm\hibernate-core\6.5.2.Final\hibernate-core-6.5.2.Final.jar;C:\Users\Seraphin BOPDA\.m2\repository\jakarta\persistence\jakarta.persistence-api\3.1.0\jakarta.persistence-api-3.1.0.jar;C:\Users\Seraphin BOPDA\.m2\repository\jakarta\transaction\jakarta.transaction-api\2.0.1\jakarta.transaction-api-2.0.1.jar;C:\Users\Seraphin BOPDA\.m2\repository\org\jboss\logging\jboss-logging\3.5.3.Final\jboss-logging-3.5.3.Final.jar;C:\Users\Seraphin BOPDA\.m2\repository\org\hibernate\common\hibernate-commons-annotations\6.0.6.Final\hibernate-commons-annotations-6.0.6.Final.jar;C:\Users\Seraphin BOPDA\.m2\repository\io\smallrye\jandex\3.1.2\jandex-3.1.2.jar;C:\Users\Seraphin BOPDA\.m2\repository\com\fasterxml\classmate\1.7.0\classmate-1.7.0.jar;C:\Users\Seraphin BOPDA\.m2\repository\net\bytebuddy\byte-buddy\1.14.19\byte-buddy-1.14.19.jar;C:\Users\Seraphin BOPDA\.m2\repository\org\glassfish\jaxb\jaxb-runtime\4.0.5\jaxb-runtime-4.0.5.jar;C:\Users\Seraphin BOPDA\.m2\repository\org\glassfish\jaxb\jaxb-core\4.0.5\jaxb-core-4.0.5.jar;C:\Users\Seraphin BOPDA\.m2\repository\org\eclipse\angus\angus-activation\2.0.2\angus-activation-2.0.2.jar;C:\Users\Seraphin BOPDA\.m2\repository\org
Launcher Type: SUN_STANDARD

[Global flags]
     intx CICompilerCount                          = 4                                         {product} {ergonomic}
     uint ConcGCThreads                            = 2                                         {product} {ergonomic}
     uint G1ConcRefinementThreads                  = 8                                         {product} {ergonomic}
   size_t G1HeapRegionSize                         = 1048576                                   {product} {ergonomic}
    uintx GCDrainStackTargetSize                   = 64                                        {product} {ergonomic}
   size_t InitialHeapSize                          = 132120576                                 {product} {ergonomic}
     bool ManagementServer                         = true                                      {product} {command line}
   size_t MarkStackSize                            = 4194304                                   {product} {ergonomic}
   size_t MaxHeapSize                              = 2090860544                                {product} {ergonomic}
   size_t MinHeapDeltaBytes                        = 1048576                                   {product} {ergonomic}
   size_t MinHeapSize                              = 8388608                                   {product} {ergonomic}
    uintx NonProfiledCodeHeapSize                  = 0                                      {pd product} {ergonomic}
     bool ProfileInterpreter                       = false                                  {pd product} {command line}
    uintx ProfiledCodeHeapSize                     = 0                                      {pd product} {ergonomic}
   size_t SoftMaxHeapSize                          = 2090860544                             {manageable} {ergonomic}
     intx TieredStopAtLevel                        = 1                                         {product} {command line}
     bool UseCompressedClassPointers               = true                           {product lp64_product} {ergonomic}
     bool UseCompressedOops                        = true                           {product lp64_product} {ergonomic}
     bool UseG1GC                                  = true                                      {product} {ergonomic}
     bool UseLargePagesIndividualAllocation        = false                                  {pd product} {ergonomic}

Logging:
Log output configuration:
 #0: stdout all=warning uptime,level,tags
 #1: stderr all=off uptime,level,tags

Environment Variables:
PATH=C:\Program Files\Common Files\Oracle\Java\javapath;C:\WINDOWS\system32;C:\WINDOWS;C:\WINDOWS\System32\Wbem;C:\WINDOWS\System32\WindowsPowerShell\v1.0\;C:\WINDOWS\System32\OpenSSH\;C:\Program Files\sfdx\bin;C:\Program Files\Git\cmd;C:\\Users\\Seraphin BOPDA\\AppData\\Local\\Programs\\Python\\Python312;C:\Program Files\nodejs\;C:\Program Files\Java\jdk-22\bin;C:\Program Files\hadoop\bin;C:\Program Files\hadoop\sbin;C:\Users\Seraphin BOPDA\AppData\Local\Programs\Python\Launcher\;C:\Users\Seraphin BOPDA\AppData\Local\Microsoft\WindowsApps;C:\Program Files\JetBrains\IntelliJ IDEA 2023.3.2\bin;C:\Users\Seraphin BOPDA\AppData\Roaming\npm;;C:\Program Files\JetBrains\PyCharm 2023.3.2\bin;;C:\Users\Seraphin BOPDA\AppData\Local\Programs\Microsoft VS Code\bin;C:\\Users\\Seraphin BOPDA\\AppData\\Local\\Programs\\Python\\Python312;C:\Users\Seraphin BOPDA\AppData\Roaming\npm
USERNAME=Seraphin BOPDA
OS=Windows_NT
PROCESSOR_IDENTIFIER=Intel64 Family 6 Model 140 Stepping 1, GenuineIntel
TMP=C:\Users\SERAPH~1\AppData\Local\Temp
TEMP=C:\Users\SERAPH~1\AppData\Local\Temp



Periodic native trim disabled


---------------  S Y S T E M  ---------------

OS:
 Windows 11 , 64 bit Build 22621 (10.0.22621.3958)
OS uptime: 2 days 4:12 hours
Hyper-V role detected

CPU: total 8 (initial active 8) (4 cores per cpu, 2 threads per core) family 6 model 140 stepping 1 microcode 0xaa, cx8, cmov, fxsr, ht, mmx, 3dnowpref, sse, sse2, sse3, ssse3, sse4.1, sse4.2, popcnt, lzcnt, tsc, tscinvbit, avx, avx2, aes, erms, clmul, bmi1, bmi2, adx, avx512f, avx512dq, avx512cd, avx512bw, avx512vl, sha, fma, vzeroupper, avx512_vpopcntdq, avx512_vpclmulqdq, avx512_vaes, avx512_vnni, clflush, clflushopt, clwb, avx512_vbmi2, avx512_vbmi, hv
Processor Information for all 8 processors :
  Max Mhz: 2419, Current Mhz: 2419, Mhz Limit: 2419

Memory: 4k page, system-wide physical 7975M (441M free)
TotalPageFile size 32551M (AvailPageFile size 64M)
current process WorkingSet (physical memory assigned to process): 11M, peak: 11M
current process commit charge ("private bytes"): 55M, peak: 181M

vm_info: OpenJDK 64-Bit Server VM (17.0.9+8-LTS) for windows-amd64 JRE (17.0.9+8-LTS), built on Oct 12 2023 16:15:33 by "Administrator" with MS VC++ 16.10 / 16.11 (VS2019)

END.
